1493737515565	geckodriver	INFO	Listening on 127.0.0.1:60494
1493737517603	geckodriver::marionette	INFO	Starting browser \\?\D:\Program Files (x86)\Mozilla Firefox\firefox.exe with args ["-marionette"]
1493737518153	addons.manager	ERROR	startup failed: [Exception... "Component returned failure code: 0x80070057 (NS_ERROR_ILLEGAL_VALUE) [nsIFile.create]"  nsresult: "0x80070057 (NS_ERROR_ILLEGAL_VALUE)"  location: "JS frame :: resource://gre/modules/FileUtils.jsm :: FileUtils_getDir :: line 70"  data: no] Stack trace: FileUtils_getDir()@resource://gre/modules/FileUtils.jsm:70 < FileUtils_getFile()@resource://gre/modules/FileUtils.jsm:42 < validateBlocklist()@resource://gre/modules/AddonManager.jsm:671 < startup()@resource://gre/modules/AddonManager.jsm:834 < startup()@resource://gre/modules/AddonManager.jsm:3129 < observe()@resource://gre/components/addonManager.js:65
JavaScript error: resource://gre/modules/AddonManager.jsm, line 1657: NS_ERROR_NOT_INITIALIZED: AddonManager is not initialized
1493737521407	Marionette	INFO	Listening on port 60500
JavaScript error: resource://gre/modules/AddonManager.jsm, line 2570: NS_ERROR_NOT_INITIALIZED: AddonManager is not initialized
1493737521774	Marionette	WARN	TLS certificate errors will be ignored for this session
JavaScript warning: https://login.sina.com.cn/js/signup/common.js, line 11: unreachable code after return statement
JavaScript warning: https://login.sina.com.cn/js/cardtips.js, line 156: unreachable code after return statement
JavaScript warning: https://login.sina.com.cn/js/cardtips.js, line 156: unreachable code after return statement
JavaScript warning: https://login.sina.com.cn/js/signup/common.js, line 11: unreachable code after return statement
JavaScript error: resource://app/modules/WindowsJumpLists.jsm, line 403: NS_ERROR_FILE_NOT_FOUND: Component returned failure code: 0x80520012 (NS_ERROR_FILE_NOT_FOUND) [nsIJumpListShortcut.app]
ome/js/pl/top/index.js?version=66f1f59b9ffac393, line 1: ReferenceError: STK is not defined
JavaScript error: http://js2.t.sinajs.cn/t6/home/js/pl/content/publisher/index.js?version=66f1f59b9ffac393, line 1: ReferenceError: STK is not defined
JavaScript warning: http://js2.t.sinajs.cn/t6/webim_prime/js/common/all.js?version=66f1f59b9ffac393, line 1: unreachable code after return statement
JavaScript warning: http://js2.t.sinajs.cn/t6/webim_prime/js/common/all.js?version=66f1f59b9ffac393, line 1: unreachable code after return statement
JavaScript error: http://js2.t.sinajs.cn/t6/home/js/pl/nav/group/index.js?version=66f1f59b9ffac393, line 1: TypeError: STK.namespace is not a function
JavaScript error: http://js2.t.sinajs.cn/t6/home/js/pl/content/biztips/index.js?version=66f1f59b9ffac393, line 1: TypeError: STK.namespace is not a function
JavaScript error: http://js.t.sinajs.cn/t6/home/js/pl/guide/bigday/index.js?version=66f1f59b9ffac393, line 1: TypeError: STK.namespace is not a function
JavaScript error: http://js2.t.sinajs.cn/t6/home/js/pl/rightmod/musicRank/index.js?version=66f1f59b9ffac393, line 1: TypeError: STK.namespace is not a function
JavaScript error: http://js2.t.sinajs.cn/t6/home/js/pl/guide/adforfqy/index.js?version=66f1f59b9ffac393, line 1: TypeError: STK.namespace is not a function
JavaScript error: http://js2.t.sinajs.cn/t6/home/js/pl/content/changeLanguage/index.js?version=66f1f59b9ffac393, line 1: TypeError: STK.namespace is not a function
JavaScript error: http://js.t.sinajs.cn/t6/home/js/pl/third/right/index.js?version=66f1f59b9ffac393, line 1: TypeError: STK.namespace is not a function
JavaScript error: http://js.t.sinajs.cn/t6/home/js/pl/base/index.js?version=66f1f59b9ffac393, line 1: TypeError: STK.namespace is not a function
JavaScript error: http://js1.t.sinajs.cn/t6/home/js/pl/frame/index.js?version=66f1f59b9ffac393, line 1: TypeError: STK.namespace is not a function
JavaScript error: http://js1.t.sinajs.cn/t6/home/js/pl/content/setskin/index.js?version=66f1f59b9ffac393, line 1: TypeError: STK.namespace is not a function
JavaScript error: http://js1.t.sinajs.cn/t6/home/js/pl/rightmod/myinfo/index.js?version=66f1f59b9ffac393, line 1: TypeError: STK.namespace is not a function
JavaScript error: http://js1.t.sinajs.cn/t6/home/js/pl/rightmod/attfeed/index.js?version=66f1f59b9ffac393, line 1: TypeError: STK.namespace is not a function
JavaScript error: http://js1.t.sinajs.cn/t6/home/js/pl/content/homefeed/index.js?version=66f1f59b9ffac393, line 1: TypeError: STK.namespace is not a function
JavaScript error: http://js1.t.sinajs.cn/t6/home/js/pl/third/viprightmod/index.js?version=66f1f59b9ffac393, line 1: TypeError: STK.namespace is not a function
JavaScript error: resource://app/modules/WindowsJumpLists.jsm, line 403: NS_ERROR_FILE_NOT_FOUND: Component returned failure code: 0x80520012 (NS_ERROR_FILE_NOT_FOUND) [nsIJumpListShortcut.app]
JavaScript warning: http://js.t.sinajs.cn/t6/webim_prime/js/webim.js?v=1493736987069, line 139: unreachable code after return statement
JavaScript warning: http://js.t.sinajs.cn/t6/webim_prime/js/webim.js?v=1493736987069, line 139: unreachable code after return statement
JavaScript warning: http://js.t.sinajs.cn/t6/webim_prime/js/webim.js?v=1493736987069, line 172: unreachable code after return statement
JavaScript warning: http://js.t.sinajs.cn/t6/webim_prime/js/webim.js?v=1493736987069, line 174: unreachable code after return statement
JavaScript warning: http://js.t.sinajs.cn/t6/webim_prime/js/webim.js?v=1493736987069, line 198: unreachable code after return statement
JavaScript warning: http://js.t.sinajs.cn/t6/webim_prime/js/webim.js?v=1493736987069, line 139: unreachable code after return statement
s.jsm, line 403: NS_ERROR_FILE_NOT_FOUND: Component returned failure code: 0x80520012 (NS_ERROR_FILE_NOT_FOUND) [nsIJumpListShortcut.app]
JavaScript error: resource://gre/modules/AddonManager.jsm, line 1416: NS_ERROR_NOT_INITIALIZED: AddonManager is not initialized
JavaScript error: resource://gre/modules/FileUtils.jsm, line 70: NS_ERROR_ILLEGAL_VALUE: Component returned failure code: 0x80070057 (NS_ERROR_ILLEGAL_VALUE) [nsIFile.create]
JavaScript error: http://js1.t.sinajs.cn/t6/home/js/pl/frame/index.js?version=66f1f59b9ffac393, line 1: ReferenceError: STK is not defined
JavaScript error: http://js2.t.sinajs.cn/t6/home/js/pl/rightmod/musicRank/index.js?version=66f1f59b9ffac393, line 1: ReferenceError: STK is not defined
JavaScript error: http://js1.t.sinajs.cn/t6/home/js/pl/rightmod/attfeed/index.js?version=66f1f59b9ffac393, line 1: ReferenceError: STK is not defined
JavaScript error: http://js.t.sinajs.cn/t6/home/js/pl/guide/bigday/index.js?version=66f1f59b9ffac393, line 1: ReferenceError: STK is not defined
JavaScript error: http://js2.t.sinajs.cn/t6/home/js/pl/guide/adforfqy/index.js?version=66f1f59b9ffac393, line 1: ReferenceError: STK is not defined
JavaScript warning: http://js2.t.sinajs.cn/t6/webim_prime/js/common/all.js?version=66f1f59b9ffac393, line 1: unreachable code after return statement
JavaScript warning: http://js2.t.sinajs.cn/t6/webim_prime/js/common/all.js?version=66f1f59b9ffac393, line 1: unreachable code after return statement
JavaScript error: http://js.t.sinajs.cn/t6/home/js/pl/top/index.js?version=66f1f59b9ffac393, line 1: TypeError: STK.namespace is not a function
JavaScript error: http://js2.t.sinajs.cn/t6/home/js/pl/nav/group/index.js?version=66f1f59b9ffac393, line 1: TypeError: STK.namespace is not a function
JavaScript error: http://js2.t.sinajs.cn/t6/home/js/pl/content/publisher/index.js?version=66f1f59b9ffac393, line 1: TypeError: STK.namespace is not a function
JavaScript error: http://js2.t.sinajs.cn/t6/home/js/pl/content/changeLanguage/index.js?version=66f1f59b9ffac393, line 1: TypeError: STK.namespace is not a function
JavaScript error: http://js.t.sinajs.cn/t6/home/js/pl/base/index.js?version=66f1f59b9ffac393, line 1: TypeError: STK.namespace is not a function
JavaScript error: http://js1.t.sinajs.cn/t6/home/js/pl/third/viprightmod/index.js?version=66f1f59b9ffac393, line 1: TypeError: STK.namespace is not a function
JavaScript error: http://js.t.sinajs.cn/t6/home/js/pl/third/right/index.js?version=66f1f59b9ffac393, line 1: TypeError: STK.namespace is not a function
JavaScript error: http://js.t.sinajs.cn/t6/home/js/pl/content/bubbleTip/index.js?version=66f1f59b9ffac393, line 1: TypeError: STK.namespace is not a function
JavaScript error: http://js1.t.sinajs.cn/t6/home/js/pl/content/homefeed/index.js?version=66f1f59b9ffac393, line 1: TypeError: STK.namespace is not a function
JavaScript error: http://js2.t.sinajs.cn/t6/home/js/pl/content/biztips/index.js?version=66f1f59b9ffac393, line 1: TypeError: STK.namespace is not a function
JavaScript error: http://js1.t.sinajs.cn/t6/home/js/pl/rightmod/myinfo/index.js?version=66f1f59b9ffac393, line 1: TypeError: STK.namespace is not a function
JavaScript error: http://js1.t.sinajs.cn/t6/home/js/pl/content/setskin/index.js?version=66f1f59b9ffac393, line 1: TypeError: STK.namespace is not a function
JavaScript error: http://js2.t.sinajs.cn/t6/webim_prime/js/common/all.js?version=66f1f59b9ffac393, line 1: NS_ERROR_NOT_INITIALIZED: 
1493728901198	geckodriver::marionette	ERROR	Failed to kill browser process
ndowsJumpLists.jsm, line 403: NS_ERROR_FILE_NOT_FOUND: Component returned failure code: 0x80520012 (NS_ERROR_FILE_NOT_FOUND) [nsIJumpListShortcut.app]
JavaScript error: resource://app/modules/WindowsJumpLists.jsm, line 403: NS_ERROR_FILE_NOT_FOUND: Component returned failure code: 0x80520012 (NS_ERROR_FILE_NOT_FOUND) [nsIJumpListShortcut.app]
JavaScript error: resource://app/modules/WindowsJumpLists.jsm, line 403: NS_ERROR_FILE_NOT_FOUND: Component returned failure code: 0x80520012 (NS_ERROR_FILE_NOT_FOUND) [nsIJumpListShortcut.app]
JavaScript error: resource://app/modules/WindowsJumpLists.jsm, line 403: NS_ERROR_FILE_NOT_FOUND: Component returned failure code: 0x80520012 (NS_ERROR_FILE_NOT_FOUND) [nsIJumpListShortcut.app]
JavaScript error: resource://app/modules/WindowsJumpLists.jsm, line 403: NS_ERROR_FILE_NOT_FOUND: Component returned failure code: 0x80520012 (NS_ERROR_FILE_NOT_FOUND) [nsIJumpListShortcut.app]
JavaScript error: resource://app/modules/WindowsJumpLists.jsm, line 403: NS_ERROR_FILE_NOT_FOUND: Component returned failure code: 0x80520012 (NS_ERROR_FILE_NOT_FOUND) [nsIJumpListShortcut.app]
 statement
JavaScript warning: http://js1.t.sinajs.cn/t4/apps/search_v6/js/pl/weibo/directtop.js?version=20170420144000, line 1: unreachable code after return statement
JavaScript warning: http://js1.t.sinajs.cn/t4/apps/search_v6/js/pl/weibo/directtop.js?version=20170420144000, line 1: unreachable code after return statement
JavaScript warning: http://js1.t.sinajs.cn/t4/apps/search_v6/js/pl/weibo/directtop.js?version=20170420144000, line 1: unreachable code after return statement
JavaScript warning: http://js1.t.sinajs.cn/t4/apps/search_v6/js/pl/common/searchTop.js?version=20170420144000, line 1: unreachable code after return statement
JavaScript warning: http://js.t.sinajs.cn/t4/apps/search_v6/js/pl/common/unLogin.js?version=20170420144000, line 1: unreachable code after return statement
JavaScript warning: http://js.t.sinajs.cn/t4/apps/search_v6/js/pl/weibo/directright.js?version=20170420144000, line 1: unreachable code after return statement
JavaScript warning: http://js.t.sinajs.cn/t4/apps/search_v6/js/pl/common/loginBox.js?version=20170420144000, line 1: unreachable code after return statement
JavaScript warning: http://js1.t.sinajs.cn/t4/apps/search_v6/js/pl/common/bottomInput.js?version=20170420144000, line 1: unreachable code after return statement
JavaScript warning: http://js.t.sinajs.cn/t4/apps/search_v6/js/pl/common/base.js?version=20170420144000, line 1: unreachable code after return statement
JavaScript warning: http://js1.t.sinajs.cn/t4/apps/search_v6/js/pl/weibo/direct.js?version=20170420144000, line 1: unreachable code after return statement
JavaScript warning: http://js1.t.sinajs.cn/t4/apps/search_v6/js/pl/weibo/direct.js?version=20170420144000, line 1: unreachable code after return statement
JavaScript warning: http://js1.t.sinajs.cn/t4/apps/search_v6/js/pl/weibo/direct.js?version=20170420144000, line 1: unreachable code after return statement
JavaScript warning: http://js1.t.sinajs.cn/t4/apps/search_v6/js/pl/weibo/direct.js?version=20170420144000, line 1: unreachable code after return statement
JavaScript warning: http://js1.t.sinajs.cn/t4/apps/search_v6/js/pl/weibo/directtop.js?version=20170420144000, line 1: unreachable code after return statement
JavaScript warning: http://js1.t.sinajs.cn/t4/apps/search_v6/js/pl/weibo/directtop.js?version=20170420144000, line 1: unreachable code after return statement
JavaScript warning: http://js1.t.sinajs.cn/t4/apps/search_v6/js/pl/weibo/directtop.js?version=20170420144000, line 1: unreachable code after return statement
JavaScript warning: http://js1.t.sinajs.cn/t4/apps/search_v6/js/pl/weibo/directtop.js?version=20170420144000, line 1: unreachable code after return statement
JavaScript error: resource://app/modules/WindowsJumpLists.jsm, line 403: NS_ERROR_FILE_NOT_FOUND: Component returned failure code: 0x80520012 (NS_ERROR_FILE_NOT_FOUND) [nsIJumpListShortcut.app]
JavaScript warning: http://js.t.sinajs.cn/t4/apps/search/js/common/dialog/forward.js?version=20170420144000, line 1: unreachable code after return statement
JavaScript warning: http://js.t.sinajs.cn/t4/apps/search/js/common/bubble/moodFeedPublish.js?version=20170420144000, line 1: unreachable code after return statement
JavaScript warning: http://js.t.sinajs.cn/t4/apps/search/js/common/dialog/moodSmallPublish.js?version=20170420144000, line 1: unreachable code after return statement
JavaScript error: resource://app/modules/WindowsJumpLists.jsm, line 403: NS_ERROR_FILE_NOT_FOUND: Component returned failure code: 0x80520012 (NS_ERROR_FILE_NOT_FOUND) [nsIJumpListShortcut.app]
JavaScript error: resource://gre/modules/AddonManager.jsm, line 1416: NS_ERROR_NOT_INITIALIZED: AddonManager is not initialized
JavaScript error: resource://app/modules/WindowsJumpLists.jsm, line 403: NS_ERROR_FILE_NOT_FOUND: Component returned failure code: 0x80520012 (NS_ERROR_FILE_NOT_FOUND) [nsIJumpListShortcut.app]
JavaScript error: resource://gre/modules/FileUtils.jsm, line 70: NS_ERROR_ILLEGAL_VALUE: Component returned failure code: 0x80070057 (NS_ERROR_ILLEGAL_VALUE) [nsIFile.create]
JavaScript error: resource://app/modules/WindowsJumpLists.jsm, line 403: NS_ERROR_FILE_NOT_FOUND: Component returned failure code: 0x80520012 (NS_ERROR_FILE_NOT_FOUND) [nsIJumpListShortcut.app]
hared/layout/utils.js, line 36: NS_NOINTERFACE: 
JavaScript error: resource://gre/modules/commonjs/toolkit/loader.js -> resource://devtools/shared/layout/utils.js, line 36: NS_NOINTERFACE: 
JavaScript error: resource://gre/modules/commonjs/toolkit/loader.js -> resource://devtools/shared/layout/utils.js, line 36: NS_NOINTERFACE: 
JavaScript error: resource://gre/modules/commonjs/toolkit/loader.js -> resource://devtools/shared/layout/utils.js, line 36: NS_NOINTERFACE: 
JavaScript error: resource://gre/modules/commonjs/toolkit/loader.js -> resource://devtools/shared/layout/utils.js, line 36: NS_NOINTERFACE: 
JavaScript error: resource://app/modules/WindowsJumpLists.jsm, line 403: NS_ERROR_FILE_NOT_FOUND: Component returned failure code: 0x80520012 (NS_ERROR_FILE_NOT_FOUND) [nsIJumpListShortcut.app]
JavaScript error: resource://app/modules/WindowsJumpLists.jsm, line 403: NS_ERROR_FILE_NOT_FOUND: Component returned failure code: 0x80520012 (NS_ERROR_FILE_NOT_FOUND) [nsIJumpListShortcut.app]
JavaScript error: resource://app/modules/WindowsJumpLists.jsm, line 403: NS_ERROR_FILE_NOT_FOUND: Component returned failure code: 0x80520012 (NS_ERROR_FILE_NOT_FOUND) [nsIJumpListShortcut.app]
JavaScript error: resource://app/modules/WindowsJumpLists.jsm, line 403: NS_ERROR_FILE_NOT_FOUND: Component returned failure code: 0x80520012 (NS_ERROR_FILE_NOT_FOUND) [nsIJumpListShortcut.app]
JavaScript error: resource://app/modules/WindowsJumpLists.jsm, line 403: NS_ERROR_FILE_NOT_FOUND: Component returned failure code: 0x80520012 (NS_ERROR_FILE_NOT_FOUND) [nsIJumpListShortcut.app]
JavaScript error: resource://app/modules/WindowsJumpLists.jsm, line 403: NS_ERROR_FILE_NOT_FOUND: Component returned failure code: 0x80520012 (NS_ERROR_FILE_NOT_FOUND) [nsIJumpListShortcut.app]
JavaScript error: resource://app/modules/WindowsJumpLists.jsm, line 403: NS_ERROR_FILE_NOT_FOUND: Component returned failure code: 0x80520012 (NS_ERROR_FILE_NOT_FOUND) [nsIJumpListShortcut.app]
JavaScript warning: http://js1.t.sinajs.cn/t4/apps/search_v6/js/pl/common/searchTop.js?version=20170420144000, line 1: unreachable code after return statement
JavaScript warning: http://js.t.sinajs.cn/t4/apps/search_v6/js/pl/common/unLogin.js?version=20170420144000, line 1: unreachable code after return statement
JavaScript warning: http://js.t.sinajs.cn/t4/apps/search_v6/js/pl/weibo/directright.js?version=20170420144000, line 1: unreachable code after return statement
JavaScript warning: http://js.t.sinajs.cn/t4/apps/search_v6/js/pl/common/loginBox.js?version=20170420144000, line 1: unreachable code after return statement
JavaScript warning: http://js1.t.sinajs.cn/t4/apps/search_v6/js/pl/common/bottomInput.js?version=20170420144000, line 1: unreachable code after return statement
JavaScript warning: http://js.t.sinajs.cn/t4/apps/search_v6/js/pl/common/base.js?version=20170420144000, line 1: unreachable code after return statement
JavaScript warning: http://js1.t.sinajs.cn/t4/apps/search_v6/js/pl/weibo/direct.js?version=20170420144000, line 1: unreachable code after return statement
JavaScript warning: http://js1.t.sinajs.cn/t4/apps/search_v6/js/pl/weibo/direct.js?version=20170420144000, line 1: unreachable code after return statement
JavaScript warning: http://js1.t.sinajs.cn/t4/apps/search_v6/js/pl/weibo/direct.js?version=20170420144000, line 1: unreachable code after return statement
JavaScript warning: http://js1.t.sinajs.cn/t4/apps/search_v6/js/pl/weibo/direct.js?version=20170420144000, line 1: unreachable code after return statement
JavaScript warning: http://js1.t.sinajs.cn/t4/apps/search_v6/js/pl/weibo/directtop.js?version=20170420144000, line 1: unreachable code after return statement
JavaScript warning: http://js1.t.sinajs.cn/t4/apps/search_v6/js/pl/weibo/directtop.js?version=20170420144000, line 1: unreachable code after return statement
JavaScript warning: http://js1.t.sinajs.cn/t4/apps/search_v6/js/pl/weibo/directtop.js?version=20170420144000, line 1: unreachable code after return statement
JavaScript warning: http://js1.t.sinajs.cn/t4/apps/search_v6/js/pl/weibo/directtop.js?version=20170420144000, line 1: unreachable code after return statement
JavaScript warning: http://js.t.sinajs.cn/t4/apps/search_v6/js/pl/common/unLogin.js?version=20170420144000, line 1: unreachable code after return statement
JavaScript warning: http://js.t.sinajs.cn/t4/apps/search_v6/js/pl/weibo/directright.js?version=20170420144000, line 1: unreachable code after return statement
JavaScript warning: http://js.t.sinajs.cn/t4/apps/search_v6/js/pl/common/base.js?version=20170420144000, line 1: unreachable code after return statement
JavaScript warning: http://js1.t.sinajs.cn/t4/apps/search_v6/js/pl/common/bottomInput.js?version=20170420144000, line 1: unreachable code after return statement
JavaScript warning: http://js1.t.sinajs.cn/t4/apps/search_v6/js/pl/common/searchTop.js?version=20170420144000, line 1: unreachable code after return statement
JavaScript warning: http://js.t.sinajs.cn/t4/apps/search_v6/js/pl/common/loginBox.js?version=20170420144000, line 1: unreachable code after return statement
JavaScript warning: http://js1.t.sinajs.cn/t4/apps/search_v6/js/pl/weibo/direct.js?version=20170420144000, line 1: unreachable code after return statement
JavaScript warning: http://js1.t.sinajs.cn/t4/apps/search_v6/js/pl/weibo/direct.js?version=20170420144000, line 1: unreachable code after return statement
JavaScript warning: http://js1.t.sinajs.cn/t4/apps/search_v6/js/pl/weibo/direct.js?version=20170420144000, line 1: unreachable code after return statement
JavaScript warning: http://js1.t.sinajs.cn/t4/apps/search_v6/js/pl/weibo/direct.js?version=20170420144000, line 1: unreachable code after return statement
JavaScript warning: http://js1.t.sinajs.cn/t4/apps/search_v6/js/pl/weibo/directtop.js?version=20170420144000, line 1: unreachable code after return statement
JavaScript warning: http://js1.t.sinajs.cn/t4/apps/search_v6/js/pl/weibo/directtop.js?version=20170420144000, line 1: unreachable code after return statement
JavaScript warning: http://js1.t.sinajs.cn/t4/apps/search_v6/js/pl/weibo/directtop.js?version=20170420144000, line 1: unreachable code after return statement
JavaScript warning: http://js1.t.sinajs.cn/t4/apps/search_v6/js/pl/weibo/directtop.js?version=20170420144000, line 1: unreachable code after return statement
JavaScript error: resource://app/modules/WindowsJumpLists.jsm, line 403: NS_ERROR_FILE_NOT_FOUND: Component returned failure code: 0x80520012 (NS_ERROR_FILE_NOT_FOUND) [nsIJumpListShortcut.app]
JavaScript warning: http://js.t.sinajs.cn/t4/apps/search_v6/js/pl/common/unLogin.js?version=20170420144000, line 1: unreachable code after return statement
JavaScript warning: http://js.t.sinajs.cn/t4/apps/search_v6/js/pl/weibo/directright.js?version=20170420144000, line 1: unreachable code after return statement
JavaScript warning: http://js1.t.sinajs.cn/t4/apps/search_v6/js/pl/weibo/directtop.js?version=20170420144000, line 1: unreachable code after return statement
JavaScript warning: http://js1.t.sinajs.cn/t4/apps/search_v6/js/pl/weibo/directtop.js?version=20170420144000, line 1: unreachable code after return statement
JavaScript warning: http://js1.t.sinajs.cn/t4/apps/search_v6/js/pl/weibo/directtop.js?version=20170420144000, line 1: unreachable code after return statement
JavaScript warning: http://js1.t.sinajs.cn/t4/apps/search_v6/js/pl/weibo/directtop.js?version=20170420144000, line 1: unreachable code after return statement
JavaScript warning: http://js1.t.sinajs.cn/t4/apps/search_v6/js/pl/common/bottomInput.js?version=20170420144000, line 1: unreachable code after return statement
JavaScript warning: http://js.t.sinajs.cn/t4/apps/search_v6/js/pl/common/base.js?version=20170420144000, line 1: unreachable code after return statement
JavaScript warning: http://js1.t.sinajs.cn/t4/apps/search_v6/js/pl/weibo/direct.js?version=20170420144000, line 1: unreachable code after return statement
JavaScript warning: http://js1.t.sinajs.cn/t4/apps/search_v6/js/pl/weibo/direct.js?version=20170420144000, line 1: unreachable code after return statement
JavaScript warning: http://js1.t.sinajs.cn/t4/apps/search_v6/js/pl/weibo/direct.js?version=20170420144000, line 1: unreachable code after return statement
JavaScript warning: http://js1.t.sinajs.cn/t4/apps/search_v6/js/pl/weibo/direct.js?version=20170420144000, line 1: unreachable code after return statement
JavaScript warning: http://js1.t.sinajs.cn/t4/apps/search_v6/js/pl/common/searchTop.js?version=20170420144000, line 1: unreachable code after return statement
JavaScript warning: http://js.t.sinajs.cn/t4/apps/search_v6/js/pl/common/loginBox.js?version=20170420144000, line 1: unreachable code after return statement
JavaScript warning: http://js.t.sinajs.cn/t4/apps/search/js/common/dialog/forward.js?version=20170420144000, line 1: unreachable code after return statement
JavaScript warning: http://js.t.sinajs.cn/t4/apps/search/js/common/bubble/moodFeedPublish.js?version=20170420144000, line 1: unreachable code after return statement
JavaScript warning: http://js.t.sinajs.cn/t4/apps/search/js/common/dialog/moodSmallPublish.js?version=20170420144000, line 1: unreachable code after return statement
JavaScript error: resource://app/modules/WindowsJumpLists.jsm, line 403: NS_ERROR_FILE_NOT_FOUND: Component returned failure code: 0x80520012 (NS_ERROR_FILE_NOT_FOUND) [nsIJumpListShortcut.app]
JavaScript error: resource://app/modules/WindowsJumpLists.jsm, line 403: NS_ERROR_FILE_NOT_FOUND: Component returned failure code: 0x80520012 (NS_ERROR_FILE_NOT_FOUND) [nsIJumpListShortcut.app]
JavaScript error: resource://app/modules/WindowsJumpLists.jsm, line 403: NS_ERROR_FILE_NOT_FOUND: Component returned failure code: 0x80520012 (NS_ERROR_FILE_NOT_FOUND) [nsIJumpListShortcut.app]
JavaScript error: resource://app/modules/WindowsJumpLists.jsm, line 403: NS_ERROR_FILE_NOT_FOUND: Component returned failure code: 0x80520012 (NS_ERROR_FILE_NOT_FOUND) [nsIJumpListShortcut.app]
JavaScript error: resource://app/modules/WindowsJumpLists.jsm, line 403: NS_ERROR_FILE_NOT_FOUND: Component returned failure code: 0x80520012 (NS_ERROR_FILE_NOT_FOUND) [nsIJumpListShortcut.app]
JavaScript error: resource://app/modules/WindowsJumpLists.jsm, line 403: NS_ERROR_FILE_NOT_FOUND: Component returned failure code: 0x80520012 (NS_ERROR_FILE_NOT_FOUND) [nsIJumpListShortcut.app]
JavaScript error: resource://app/modules/WindowsJumpLists.jsm, line 403: NS_ERROR_FILE_NOT_FOUND: Component returned failure code: 0x80520012 (NS_ERROR_FILE_NOT_FOUND) [nsIJumpListShortcut.app]
JavaScript error: resource://app/modules/WindowsJumpLists.jsm, line 403: NS_ERROR_FILE_NOT_FOUND: Component returned failure code: 0x80520012 (NS_ERROR_FILE_NOT_FOUND) [nsIJumpListShortcut.app]
JavaScript error: resource://app/modules/WindowsJumpLists.jsm, line 403: NS_ERROR_FILE_NOT_FOUND: Component returned failure code: 0x80520012 (NS_ERROR_FILE_NOT_FOUND) [nsIJumpListShortcut.app]
JavaScript error: resource://app/modules/WindowsJumpLists.jsm, line 403: NS_ERROR_FILE_NOT_FOUND: Component returned failure code: 0x80520012 (NS_ERROR_FILE_NOT_FOUND) [nsIJumpListShortcut.app]
JavaScript error: resource://app/modules/WindowsJumpLists.jsm, line 403: NS_ERROR_FILE_NOT_FOUND: Component returned failure code: 0x80520012 (NS_ERROR_FILE_NOT_FOUND) [nsIJumpListShortcut.app]
JavaScript error: resource://app/modules/WindowsJumpLists.jsm, line 403: NS_ERROR_FILE_NOT_FOUND: Component returned failure code: 0x80520012 (NS_ERROR_FILE_NOT_FOUND) [nsIJumpListShortcut.app]
